{"D:\\DATA\\COOLYEAH\\PPL\\store24\\server\\src\\controllers\\ItemControllers.ts": {"path":"D:\\DATA\\COOLYEAH\\PPL\\store24\\server\\src\\controllers\\ItemControllers.ts","statementMap":{"0":{"start":{"line":4,"column":0},"end":{"line":4,"column":7}},"1":{"start":{"line":69,"column":0},"end":{"line":69,"column":7}},"2":{"start":{"line":2,"column":0},"end":{"line":2,"column":30}},"3":{"start":{"line":5,"column":35},"end":{"line":5,"column":43}},"4":{"start":{"line":8,"column":2},"end":{"line":11,"column":3}},"5":{"start":{"line":9,"column":4},"end":{"line":9,"column":109}},"6":{"start":{"line":10,"column":4},"end":{"line":10,"column":11}},"7":{"start":{"line":14,"column":25},"end":{"line":14,"column":41}},"8":{"start":{"line":15,"column":2},"end":{"line":18,"column":3}},"9":{"start":{"line":16,"column":4},"end":{"line":16,"column":101}},"10":{"start":{"line":17,"column":4},"end":{"line":17,"column":11}},"11":{"start":{"line":21,"column":20},"end":{"line":21,"column":41}},"12":{"start":{"line":22,"column":2},"end":{"line":25,"column":3}},"13":{"start":{"line":23,"column":4},"end":{"line":23,"column":99}},"14":{"start":{"line":24,"column":4},"end":{"line":24,"column":11}},"15":{"start":{"line":27,"column":38},"end":{"line":27,"column":53}},"16":{"start":{"line":28,"column":15},"end":{"line":28,"column":30}},"17":{"start":{"line":29,"column":16},"end":{"line":29,"column":32}},"18":{"start":{"line":30,"column":14},"end":{"line":30,"column":28}},"19":{"start":{"line":32,"column":2},"end":{"line":35,"column":3}},"20":{"start":{"line":33,"column":4},"end":{"line":33,"column":73}},"21":{"start":{"line":34,"column":4},"end":{"line":34,"column":11}},"22":{"start":{"line":38,"column":25},"end":{"line":38,"column":59}},"23":{"start":{"line":39,"column":2},"end":{"line":42,"column":3}},"24":{"start":{"line":40,"column":4},"end":{"line":40,"column":133}},"25":{"start":{"line":41,"column":4},"end":{"line":41,"column":11}},"26":{"start":{"line":44,"column":2},"end":{"line":66,"column":3}},"27":{"start":{"line":45,"column":23},"end":{"line":45,"column":37}},"28":{"start":{"line":47,"column":20},"end":{"line":53,"column":6}},"29":{"start":{"line":55,"column":4},"end":{"line":62,"column":7}},"30":{"start":{"line":64,"column":4},"end":{"line":64,"column":25}},"31":{"start":{"line":65,"column":4},"end":{"line":65,"column":62}},"32":{"start":{"line":70,"column":2},"end":{"line":86,"column":3}},"33":{"start":{"line":71,"column":18},"end":{"line":71,"column":42}},"34":{"start":{"line":73,"column":4},"end":{"line":75,"column":5}},"35":{"start":{"line":74,"column":6},"end":{"line":74,"column":59}},"36":{"start":{"line":77,"column":27},"end":{"line":80,"column":7}},"37":{"start":{"line":77,"column":46},"end":{"line":80,"column":6}},"38":{"start":{"line":82,"column":4},"end":{"line":82,"column":64}},"39":{"start":{"line":84,"column":4},"end":{"line":84,"column":25}},"40":{"start":{"line":85,"column":4},"end":{"line":85,"column":62}}},"fnMap":{"0":{"name":"addItem","decl":{"start":{"line":4,"column":22},"end":{"line":4,"column":29}},"loc":{"start":{"line":4,"column":57},"end":{"line":67,"column":1}}},"1":{"name":"readItem","decl":{"start":{"line":69,"column":22},"end":{"line":69,"column":30}},"loc":{"start":{"line":69,"column":58},"end":{"line":87,"column":1}}},"2":{"name":"(anonymous_2)","decl":{"start":{"line":77,"column":37},"end":{"line":77,"column":41}},"loc":{"start":{"line":77,"column":46},"end":{"line":80,"column":6}}}},"branchMap":{"0":{"loc":{"start":{"line":8,"column":2},"end":{"line":11,"column":3}},"type":"if","locations":[{"start":{"line":8,"column":2},"end":{"line":11,"column":3}}]},"1":{"loc":{"start":{"line":8,"column":6},"end":{"line":8,"column":73}},"type":"binary-expr","locations":[{"start":{"line":8,"column":6},"end":{"line":8,"column":30}},{"start":{"line":8,"column":34},"end":{"line":8,"column":52}},{"start":{"line":8,"column":56},"end":{"line":8,"column":73}}]},"2":{"loc":{"start":{"line":15,"column":2},"end":{"line":18,"column":3}},"type":"if","locations":[{"start":{"line":15,"column":2},"end":{"line":18,"column":3}}]},"3":{"loc":{"start":{"line":15,"column":6},"end":{"line":15,"column":50}},"type":"binary-expr","locations":[{"start":{"line":15,"column":6},"end":{"line":15,"column":27}},{"start":{"line":15,"column":31},"end":{"line":15,"column":50}}]},"4":{"loc":{"start":{"line":22,"column":2},"end":{"line":25,"column":3}},"type":"if","locations":[{"start":{"line":22,"column":2},"end":{"line":25,"column":3}}]},"5":{"loc":{"start":{"line":22,"column":6},"end":{"line":22,"column":36}},"type":"binary-expr","locations":[{"start":{"line":22,"column":6},"end":{"line":22,"column":27}},{"start":{"line":22,"column":31},"end":{"line":22,"column":36}}]},"6":{"loc":{"start":{"line":32,"column":2},"end":{"line":35,"column":3}},"type":"if","locations":[{"start":{"line":32,"column":2},"end":{"line":35,"column":3}}]},"7":{"loc":{"start":{"line":32,"column":6},"end":{"line":32,"column":29}},"type":"binary-expr","locations":[{"start":{"line":32,"column":6},"end":{"line":32,"column":15}},{"start":{"line":32,"column":19},"end":{"line":32,"column":29}}]},"8":{"loc":{"start":{"line":39,"column":2},"end":{"line":42,"column":3}},"type":"if","locations":[{"start":{"line":39,"column":2},"end":{"line":42,"column":3}}]},"9":{"loc":{"start":{"line":39,"column":6},"end":{"line":39,"column":37}},"type":"binary-expr","locations":[{"start":{"line":39,"column":6},"end":{"line":39,"column":13}},{"start":{"line":39,"column":17},"end":{"line":39,"column":37}}]},"10":{"loc":{"start":{"line":73,"column":4},"end":{"line":75,"column":5}},"type":"if","locations":[{"start":{"line":73,"column":4},"end":{"line":75,"column":5}}]},"11":{"loc":{"start":{"line":73,"column":8},"end":{"line":73,"column":36}},"type":"binary-expr","locations":[{"start":{"line":73,"column":8},"end":{"line":73,"column":14}},{"start":{"line":73,"column":18},"end":{"line":73,"column":36}}]}},"s":{"0":1,"1":1,"2":1,"3":10,"4":10,"5":2,"6":2,"7":8,"8":8,"9":2,"10":2,"11":6,"12":6,"13":2,"14":2,"15":4,"16":4,"17":4,"18":4,"19":4,"20":1,"21":1,"22":3,"23":3,"24":1,"25":1,"26":2,"27":2,"28":2,"29":1,"30":1,"31":1,"32":3,"33":3,"34":2,"35":1,"36":2,"37":1,"38":2,"39":1,"40":1},"f":{"0":10,"1":3,"2":1},"b":{"0":[2],"1":[10,9,9],"2":[2],"3":[8,7],"4":[2],"5":[6,4],"6":[1],"7":[4,4],"8":[1],"9":[3,3],"10":[1],"11":[2,2]}}
,"D:\\DATA\\COOLYEAH\\PPL\\store24\\server\\src\\db\\db.ts": {"path":"D:\\DATA\\COOLYEAH\\PPL\\store24\\server\\src\\db\\db.ts","statementMap":{"0":{"start":{"line":1,"column":0},"end":{"line":1,"column":46}},"1":{"start":{"line":7,"column":13},"end":{"line":7,"column":58}},"2":{"start":{"line":8,"column":0},"end":{"line":8,"column":66}},"3":{"start":{"line":8,"column":43},"end":{"line":8,"column":66}}},"fnMap":{},"branchMap":{"0":{"loc":{"start":{"line":7,"column":18},"end":{"line":7,"column":57}},"type":"binary-expr","locations":[{"start":{"line":7,"column":18},"end":{"line":7,"column":35}},{"start":{"line":7,"column":39},"end":{"line":7,"column":57}}]},"1":{"loc":{"start":{"line":8,"column":0},"end":{"line":8,"column":66}},"type":"if","locations":[{"start":{"line":8,"column":0},"end":{"line":8,"column":66}}]}},"s":{"0":1,"1":1,"2":1,"3":1},"f":{},"b":{"0":[1,1],"1":[1]}}
}
