TN:
SF:src\controllers\ItemControllers.ts
FN:4,addItem
FN:69,readItem
FN:77,(anonymous_2)
FNF:3
FNH:3
FNDA:10,addItem
FNDA:3,readItem
FNDA:1,(anonymous_2)
DA:2,1
DA:4,1
DA:5,10
DA:8,10
DA:9,2
DA:10,2
DA:14,8
DA:15,8
DA:16,2
DA:17,2
DA:21,6
DA:22,6
DA:23,2
DA:24,2
DA:27,4
DA:28,4
DA:29,4
DA:30,4
DA:32,4
DA:33,1
DA:34,1
DA:38,3
DA:39,3
DA:40,1
DA:41,1
DA:44,2
DA:45,2
DA:47,2
DA:55,1
DA:64,1
DA:65,1
DA:69,1
DA:70,3
DA:71,3
DA:73,2
DA:74,1
DA:77,2
DA:82,2
DA:84,1
DA:85,1
LF:40
LH:40
BRDA:8,0,0,2
BRDA:8,1,0,10
BRDA:8,1,1,9
BRDA:8,1,2,9
BRDA:15,2,0,2
BRDA:15,3,0,8
BRDA:15,3,1,7
BRDA:22,4,0,2
BRDA:22,5,0,6
BRDA:22,5,1,4
BRDA:32,6,0,1
BRDA:32,7,0,4
BRDA:32,7,1,4
BRDA:39,8,0,1
BRDA:39,9,0,3
BRDA:39,9,1,3
BRDA:73,10,0,1
BRDA:73,11,0,2
BRDA:73,11,1,2
BRF:19
BRH:19
end_of_record
TN:
SF:src\db\db.ts
FNF:0
FNH:0
DA:1,1
DA:7,1
DA:8,1
LF:3
LH:3
BRDA:7,0,0,1
BRDA:7,0,1,1
BRDA:8,1,0,1
BRF:3
BRH:3
end_of_record
